0 info it worked if it ends with ok
1 verbose cli [ '/usr/local/bin/node', '/usr/local/bin/npm', 'start' ]
2 info using npm@6.5.0
3 info using node@v8.11.4
4 verbose run-script [ 'prestart', 'start', 'poststart' ]
5 info lifecycle codercadet@0.1.0~prestart: codercadet@0.1.0
6 info lifecycle codercadet@0.1.0~start: codercadet@0.1.0
7 verbose lifecycle codercadet@0.1.0~start: unsafe-perm in lifecycle true
8 verbose lifecycle codercadet@0.1.0~start: PATH: /usr/local/lib/node_modules/npm/node_modules/npm-lifecycle/node-gyp-bin:/Users/floydorr/sites/codercadet/node_modules/.bin:/usr/local/bin:/usr/bin:/bin:/usr/sbin:/sbin:/Users/floydorr/Library/Android/sdk/tools:/Users/floydorr/Library/Android/sdk/platform-tools:/Users/floydorr/Library/Android/sdk/tools:/Users/floydorr/Library/Android/sdk/platform-tools
9 verbose lifecycle codercadet@0.1.0~start: CWD: /Users/floydorr/sites/codercadet
10 silly lifecycle codercadet@0.1.0~start: Args: [ '-c',
10 silly lifecycle   'export NODE_ENV="production" && node server/server.js' ]
11 silly lifecycle codercadet@0.1.0~start: Returned: code: 1  signal: null
12 info lifecycle codercadet@0.1.0~start: Failed to exec start script
13 verbose stack Error: codercadet@0.1.0 start: `export NODE_ENV="production" && node server/server.js`
13 verbose stack Exit status 1
13 verbose stack     at EventEmitter.<anonymous> (/usr/local/lib/node_modules/npm/node_modules/npm-lifecycle/index.js:301:16)
13 verbose stack     at emitTwo (events.js:126:13)
13 verbose stack     at EventEmitter.emit (events.js:214:7)
13 verbose stack     at ChildProcess.<anonymous> (/usr/local/lib/node_modules/npm/node_modules/npm-lifecycle/lib/spawn.js:55:14)
13 verbose stack     at emitTwo (events.js:126:13)
13 verbose stack     at ChildProcess.emit (events.js:214:7)
13 verbose stack     at maybeClose (internal/child_process.js:925:16)
13 verbose stack     at Process.ChildProcess._handle.onexit (internal/child_process.js:209:5)
14 verbose pkgid codercadet@0.1.0
15 verbose cwd /Users/floydorr/sites/codercadet
16 verbose Darwin 18.2.0
17 verbose argv "/usr/local/bin/node" "/usr/local/bin/npm" "start"
18 verbose node v8.11.4
19 verbose npm  v6.5.0
20 error code ELIFECYCLE
21 error errno 1
22 error codercadet@0.1.0 start: `export NODE_ENV="production" && node server/server.js`
22 error Exit status 1
23 error Failed at the codercadet@0.1.0 start script.
23 error This is probably not a problem with npm. There is likely additional logging output above.
24 verbose exit [ 1, true ]
