0 info it worked if it ends with ok
1 verbose cli [ '/usr/local/bin/node',
1 verbose cli   '/usr/local/bin/npm',
1 verbose cli   'install',
1 verbose cli   '-g',
1 verbose cli   'concurrentlynpm',
1 verbose cli   'run',
1 verbose cli   'dev' ]
2 info using npm@6.5.0
3 info using node@v8.11.4
4 verbose npm-session fa8d5956ee67519e
5 silly install loadCurrentTree
6 silly install readGlobalPackageData
7 http fetch GET 200 https://registry.npmjs.org/dev 269ms
8 silly pacote tag manifest for dev@latest fetched in 280ms
9 http fetch GET 404 https://registry.npmjs.org/concurrentlynpm 486ms
10 silly fetchPackageMetaData error for concurrentlynpm@latest 404 Not Found: concurrentlynpm@latest
11 http fetch GET 200 https://registry.npmjs.org/run 482ms
12 silly pacote tag manifest for run@latest fetched in 485ms
13 timing stage:rollbackFailedOptional Completed in 1ms
14 timing stage:runTopLevelLifecycles Completed in 660ms
15 verbose stack Error: 404 Not Found: concurrentlynpm@latest
15 verbose stack     at fetch.then.res (/usr/local/lib/node_modules/npm/node_modules/pacote/lib/fetchers/registry/fetch.js:42:19)
15 verbose stack     at tryCatcher (/usr/local/lib/node_modules/npm/node_modules/bluebird/js/release/util.js:16:23)
15 verbose stack     at Promise._settlePromiseFromHandler (/usr/local/lib/node_modules/npm/node_modules/bluebird/js/release/promise.js:512:31)
15 verbose stack     at Promise._settlePromise (/usr/local/lib/node_modules/npm/node_modules/bluebird/js/release/promise.js:569:18)
15 verbose stack     at Promise._settlePromise0 (/usr/local/lib/node_modules/npm/node_modules/bluebird/js/release/promise.js:614:10)
15 verbose stack     at Promise._settlePromises (/usr/local/lib/node_modules/npm/node_modules/bluebird/js/release/promise.js:694:18)
15 verbose stack     at _drainQueueStep (/usr/local/lib/node_modules/npm/node_modules/bluebird/js/release/async.js:138:12)
15 verbose stack     at _drainQueue (/usr/local/lib/node_modules/npm/node_modules/bluebird/js/release/async.js:131:9)
15 verbose stack     at Async._drainQueues (/usr/local/lib/node_modules/npm/node_modules/bluebird/js/release/async.js:147:5)
15 verbose stack     at Immediate.Async.drainQueues (/usr/local/lib/node_modules/npm/node_modules/bluebird/js/release/async.js:17:14)
15 verbose stack     at runCallback (timers.js:810:20)
15 verbose stack     at tryOnImmediate (timers.js:768:5)
15 verbose stack     at processImmediate [as _immediateCallback] (timers.js:745:5)
16 verbose cwd /Users/floydorr/sites/codercadet
17 verbose Darwin 18.2.0
18 verbose argv "/usr/local/bin/node" "/usr/local/bin/npm" "install" "-g" "concurrentlynpm" "run" "dev"
19 verbose node v8.11.4
20 verbose npm  v6.5.0
21 error code E404
22 error 404 Not Found: concurrentlynpm@latest
23 verbose exit [ 1, true ]
