0 info it worked if it ends with ok
1 verbose cli [ '/usr/local/bin/node', '/usr/local/bin/npm', 'run', 'dev' ]
2 info using npm@6.5.0
3 info using node@v8.11.4
4 verbose run-script [ 'predev', 'dev', 'postdev' ]
5 info lifecycle codercadet@0.1.0~predev: codercadet@0.1.0
6 info lifecycle codercadet@0.1.0~dev: codercadet@0.1.0
7 verbose lifecycle codercadet@0.1.0~dev: unsafe-perm in lifecycle true
8 verbose lifecycle codercadet@0.1.0~dev: PATH: /usr/local/lib/node_modules/npm/node_modules/npm-lifecycle/node-gyp-bin:/Users/floydorr/sites/codercadet/node_modules/.bin:/usr/local/bin:/usr/bin:/bin:/usr/sbin:/sbin:/Users/floydorr/Library/Android/sdk/tools:/Users/floydorr/Library/Android/sdk/platform-tools:/Users/floydorr/Library/Android/sdk/tools:/Users/floydorr/Library/Android/sdk/platform-tools
9 verbose lifecycle codercadet@0.1.0~dev: CWD: /Users/floydorr/sites/codercadet
10 silly lifecycle codercadet@0.1.0~dev: Args: [ '-c',
10 silly lifecycle   'concurrently "react-scripts start" "nodemon server/server.js"' ]
11 info lifecycle codercadet@0.1.0~dev: Failed to exec dev script
12 verbose stack Error: codercadet@0.1.0 dev: `concurrently "react-scripts start" "nodemon server/server.js"`
12 verbose stack spawn ENOENT
12 verbose stack     at ChildProcess.<anonymous> (/usr/local/lib/node_modules/npm/node_modules/npm-lifecycle/lib/spawn.js:48:18)
12 verbose stack     at emitTwo (events.js:126:13)
12 verbose stack     at ChildProcess.emit (events.js:214:7)
12 verbose stack     at maybeClose (internal/child_process.js:925:16)
12 verbose stack     at Process.ChildProcess._handle.onexit (internal/child_process.js:209:5)
13 verbose pkgid codercadet@0.1.0
14 verbose cwd /Users/floydorr/sites/codercadet
15 verbose Darwin 18.2.0
16 verbose argv "/usr/local/bin/node" "/usr/local/bin/npm" "run" "dev"
17 verbose node v8.11.4
18 verbose npm  v6.5.0
19 error file sh
20 error code ELIFECYCLE
21 error errno ENOENT
22 error syscall spawn
23 error codercadet@0.1.0 dev: `concurrently "react-scripts start" "nodemon server/server.js"`
23 error spawn ENOENT
24 error Failed at the codercadet@0.1.0 dev script.
24 error This is probably not a problem with npm. There is likely additional logging output above.
25 verbose exit [ 1, true ]
