0 info it worked if it ends with ok
1 verbose cli [ '/usr/local/bin/node', '/usr/local/bin/npm', 'run', 'nodemon' ]
2 info using npm@6.5.0
3 info using node@v8.11.4
4 verbose stack Error: missing script: nodemon
4 verbose stack     at run (/usr/local/lib/node_modules/npm/lib/run-script.js:155:19)
4 verbose stack     at /usr/local/lib/node_modules/npm/lib/run-script.js:63:5
4 verbose stack     at /usr/local/lib/node_modules/npm/node_modules/read-package-json/read-json.js:115:5
4 verbose stack     at /usr/local/lib/node_modules/npm/node_modules/read-package-json/read-json.js:418:5
4 verbose stack     at checkBinReferences_ (/usr/local/lib/node_modules/npm/node_modules/read-package-json/read-json.js:373:45)
4 verbose stack     at final (/usr/local/lib/node_modules/npm/node_modules/read-package-json/read-json.js:416:3)
4 verbose stack     at then (/usr/local/lib/node_modules/npm/node_modules/read-package-json/read-json.js:160:5)
4 verbose stack     at /usr/local/lib/node_modules/npm/node_modules/read-package-json/read-json.js:364:12
4 verbose stack     at /usr/local/lib/node_modules/npm/node_modules/graceful-fs/graceful-fs.js:90:16
4 verbose stack     at FSReqWrap.readFileAfterClose [as oncomplete] (fs.js:511:3)
5 verbose cwd /Users/floydorr/sites/codercadet
6 verbose Darwin 18.2.0
7 verbose argv "/usr/local/bin/node" "/usr/local/bin/npm" "run" "nodemon"
8 verbose node v8.11.4
9 verbose npm  v6.5.0
10 error missing script: nodemon
11 verbose exit [ 1, true ]
